vpndialogxposed/build/outputs/apk/manifest-merger-release-report.txt
-- Merging decision tree log ---
manifest
ADDED from AndroidManifest.xml:2:1
	xmlns:android
		ADDED from AndroidManifest.xml:2:11
	package
		ADDED from AndroidManifest.xml:3:11
	android:versionName
		INJECTED from AndroidManifest.xml:0:0
		INJECTED from AndroidManifest.xml:0:0
	android:versionCode
		INJECTED from AndroidManifest.xml:0:0
		INJECTED from AndroidManifest.xml:0:0
application
ADDED from AndroidManifest.xml:6:5
	android:label
		ADDED from AndroidManifest.xml:9:13
	android:allowBackup
		ADDED from AndroidManifest.xml:7:13
	android:icon
		ADDED from AndroidManifest.xml:8:13
activity#de.blinkt.vpndialogxposed.AllowedVPNsChooser
ADDED from AndroidManifest.xml:12:9
	android:name
		ADDED from AndroidManifest.xml:13:17
intent-filter#android.intent.action.MAIN+android.intent.category.BROWSABLE+android.intent.category.LAUNCHER
ADDED from AndroidManifest.xml:14:13
action#android.intent.action.MAIN
ADDED from AndroidManifest.xml:15:17
	android:name
		ADDED from AndroidManifest.xml:15:25
category#android.intent.category.BROWSABLE
ADDED from AndroidManifest.xml:17:17
	android:name
		ADDED from AndroidManifest.xml:17:27
category#android.intent.category.LAUNCHER
ADDED from AndroidManifest.xml:18:17
	android:name
		ADDED from AndroidManifest.xml:18:27
meta-data#xposedmodule
ADDED from AndroidManifest.xml:22:9
	android:name
		ADDED from AndroidManifest.xml:24:17
	android:value
		ADDED from AndroidManifest.xml:23:17
meta-data#xposedminversion
ADDED from AndroidManifest.xml:25:9
	android:name
		ADDED from AndroidManifest.xml:27:17
	android:value
		ADDED from AndroidManifest.xml:26:17
meta-data#xposeddescription
ADDED from AndroidManifest.xml:28:9
	android:name
		ADDED from AndroidManifest.xml:30:17
	android:value
		ADDED from AndroidManifest.xml:29:17
uses-sdk
INJECTED from AndroidManifest.xml:0:0 reason: use-sdk injection requested
	android:targetSdkVersion
		INJECTED from AndroidManifest.xml:0:0
		INJECTED from AndroidManifest.xml:0:0
	android:minSdkVersion
		INJECTED from AndroidManifest.xml:0:0
		INJECTED from AndroidManifest.xml:0:0